#Software: Microsoft Internet Information Services 8.0
#Version: 1.0
#Date: 2013-06-09 17:49:17
#Fields: date time s-ip cs-method cs-uri-stem cs-uri-query s-port cs-username c-ip cs(User-Agent) cs(Referer) sc-status sc-substatus sc-win32-status time-taken
2013-06-09 17:49:17 ::1 GET / - 80 - ::1 Mozilla/5.0+(compatible;+MSIE+10.0;+Windows+NT+6.2;+WOW64;+Trident/6.0) - 200 0 0 156
2013-06-09 17:49:17 ::1 GET /w-brand.png - 80 - ::1 Mozilla/5.0+(compatible;+MSIE+10.0;+Windows+NT+6.2;+WOW64;+Trident/6.0) http://localhost/ 200 0 0 0
2013-06-09 17:49:17 ::1 GET /msweb-brand.png - 80 - ::1 Mozilla/5.0+(compatible;+MSIE+10.0;+Windows+NT+6.2;+WOW64;+Trident/6.0) http://localhost/ 200 0 0 15
2013-06-09 17:49:17 ::1 GET /iis-8.png - 80 - ::1 Mozilla/5.0+(compatible;+MSIE+10.0;+Windows+NT+6.2;+WOW64;+Trident/6.0) http://localhost/ 200 0 0 15
2013-06-09 17:49:17 ::1 GET /bkg-blu.jpg - 80 - ::1 Mozilla/5.0+(compatible;+MSIE+10.0;+Windows+NT+6.2;+WOW64;+Trident/6.0) http://localhost/ 200 0 0 15
2013-06-09 17:49:17 ::1 GET /favicon.ico - 80 - ::1 Mozilla/5.0+(compatible;+MSIE+10.0;+Windows+NT+6.2;+WOW64;+Trident/6.0) - 404 0 2 15
#Software: Microsoft Internet Information Services 8.0
#Version: 1.0
#Date: 2013-06-09 17:54:12
#Fields: date time s-sitename s-computername s-ip cs-method cs-uri-stem cs-uri-query s-port cs-username c-ip cs-version cs(User-Agent) cs(Cookie) cs(Referer) cs-host sc-status sc-substatus sc-win32-status sc-bytes cs-bytes time-taken
2013-06-09 17:54:12 W3SVC1 GEORGIS3 ::1 GET / - 80 - ::1 HTTP/1.1 Mozilla/5.0+(compatible;+MSIE+10.0;+Windows+NT+6.2;+WOW64;+Trident/6.0) - - localhost 304 0 0 140 339 15
2013-06-09 17:54:12 W3SVC1 GEORGIS3 ::1 GET /msweb-brand.png - 80 - ::1 HTTP/1.1 Mozilla/5.0+(compatible;+MSIE+10.0;+Windows+NT+6.2;+WOW64;+Trident/6.0) - http://localhost/ localhost 304 0 0 141 396 0
2013-06-09 17:54:12 W3SVC1 GEORGIS3 ::1 GET /iis-8.png - 80 - ::1 HTTP/1.1 Mozilla/5.0+(compatible;+MSIE+10.0;+Windows+NT+6.2;+WOW64;+Trident/6.0) - http://localhost/ localhost 304 0 0 140 389 0
2013-06-09 17:54:12 W3SVC1 GEORGIS3 ::1 GET /w-brand.png - 80 - ::1 HTTP/1.1 Mozilla/5.0+(compatible;+MSIE+10.0;+Windows+NT+6.2;+WOW64;+Trident/6.0) - http://localhost/ localhost 304 0 0 141 392 0
2013-06-09 17:54:12 W3SVC1 GEORGIS3 ::1 GET /bkg-blu.jpg - 80 - ::1 HTTP/1.1 Mozilla/5.0+(compatible;+MSIE+10.0;+Windows+NT+6.2;+WOW64;+Trident/6.0) - http://localhost/ localhost 304 0 0 141 392 0
2013-06-09 17:54:12 W3SVC1 GEORGIS3 ::1 GET /favicon.ico - 80 - ::1 HTTP/1.1 Mozilla/5.0+(compatible;+MSIE+10.0;+Windows+NT+6.2;+WOW64;+Trident/6.0) - - localhost 404 0 2 5015 208 0
2013-06-09 17:54:15 W3SVC1 GEORGIS3 ::1 GET / - 80 - ::1 HTTP/1.1 Mozilla/5.0+(compatible;+MSIE+10.0;+Windows+NT+6.2;+WOW64;+Trident/6.0) - - localhost 304 0 0 140 339 0
2013-06-09 17:54:15 W3SVC1 GEORGIS3 ::1 GET /w-brand.png - 80 - ::1 HTTP/1.1 Mozilla/5.0+(compatible;+MSIE+10.0;+Windows+NT+6.2;+WOW64;+Trident/6.0) - http://localhost/ localhost 304 0 0 141 392 0
2013-06-09 17:54:15 W3SVC1 GEORGIS3 ::1 GET /msweb-brand.png - 80 - ::1 HTTP/1.1 Mozilla/5.0+(compatible;+MSIE+10.0;+Windows+NT+6.2;+WOW64;+Trident/6.0) - http://localhost/ localhost 304 0 0 141 396 0
2013-06-09 17:54:15 W3SVC1 GEORGIS3 ::1 GET /iis-8.png - 80 - ::1 HTTP/1.1 Mozilla/5.0+(compatible;+MSIE+10.0;+Windows+NT+6.2;+WOW64;+Trident/6.0) - http://localhost/ localhost 304 0 0 140 389 0
2013-06-09 17:54:15 W3SVC1 GEORGIS3 ::1 GET /bkg-blu.jpg - 80 - ::1 HTTP/1.1 Mozilla/5.0+(compatible;+MSIE+10.0;+Windows+NT+6.2;+WOW64;+Trident/6.0) - http://localhost/ localhost 304 0 0 141 392 0
